14:49:22.434 [main] DEBUG org.apache.poi.openxml4j.opc.PackageRelationshipCollection - Parsing relationship: /_rels/.rels
14:49:22.479 [main] INFO  testCases.TC003_LoginDataDrivenTest - ****Starting TC003_LoginDataDrivenTest *****
14:49:22.846 [main] INFO  testCases.TC003_LoginDataDrivenTest - ****Entering credentials **********
14:49:23.998 [main] INFO  testCases.TC003_LoginDataDrivenTest - ****Login success with Valid data then click on Logout --> Test pass *****
14:49:24.001 [main] INFO  testCases.TC003_LoginDataDrivenTest - **** TC003_LoginDataDrivenTest compledted *****
14:49:24.023 [main] INFO  testCases.TC003_LoginDataDrivenTest - ****Starting TC003_LoginDataDrivenTest *****
14:49:24.405 [main] INFO  testCases.TC003_LoginDataDrivenTest - ****Entering credentials **********
14:49:25.577 [main] INFO  testCases.TC003_LoginDataDrivenTest - ****Login success with Valid data then click on Logout --> Test pass *****
14:49:25.577 [main] INFO  testCases.TC003_LoginDataDrivenTest - **** TC003_LoginDataDrivenTest compledted *****
14:49:25.583 [main] INFO  testCases.TC003_LoginDataDrivenTest - ****Starting TC003_LoginDataDrivenTest *****
14:49:25.950 [main] INFO  testCases.TC003_LoginDataDrivenTest - ****Entering credentials **********
14:49:36.599 [main] INFO  testCases.TC003_LoginDataDrivenTest - ****Login fail with Invalid data --> Test pass *****
14:49:36.599 [main] INFO  testCases.TC003_LoginDataDrivenTest - **** TC003_LoginDataDrivenTest compledted *****
15:15:10.927 [main] INFO  testCases.TC001_AccountRegistrationTest - **** Starting TC001_AccountRegistrationTest ****
15:15:10.947 [main] INFO  testCases.TC001_AccountRegistrationTest - Clicked on My Account button...
15:15:11.125 [main] INFO  testCases.TC001_AccountRegistrationTest - Clicked on Register button...
15:15:11.485 [main] INFO  testCases.TC001_AccountRegistrationTest - Entering all details of new user account...
15:15:11.986 [main] INFO  testCases.TC001_AccountRegistrationTest - Accepting policy by clicking on check box...
15:15:12.072 [main] INFO  testCases.TC001_AccountRegistrationTest - Clicked on Continue to create new account for the user...
15:15:12.749 [main] INFO  testCases.TC001_AccountRegistrationTest - Validating success message after successful creating new account...
15:15:12.784 [main] INFO  testCases.TC001_AccountRegistrationTest - Your new account has been registered
15:15:16.765 [main] INFO  testCases.TC002_LoginTest - *** Starting TC002_LoginTest ****
15:15:17.172 [main] INFO  testCases.TC002_LoginTest - Clicked on login
15:15:17.172 [main] INFO  testCases.TC002_LoginTest - Entering login credentials from properties file....
15:15:17.359 [main] INFO  testCases.TC002_LoginTest - Clicking on Login button....
15:15:18.006 [main] INFO  testCases.TC002_LoginTest - Validating credentials provided.....
15:15:18.006 [main] INFO  testCases.TC002_LoginTest - Login successful......
15:16:59.894 [main] INFO  testCases.TC001_AccountRegistrationTest - **** Starting TC001_AccountRegistrationTest ****
15:16:59.917 [main] INFO  testCases.TC001_AccountRegistrationTest - Clicked on My Account button...
15:16:59.994 [main] INFO  testCases.TC001_AccountRegistrationTest - Clicked on Register button...
15:17:00.395 [main] INFO  testCases.TC001_AccountRegistrationTest - Entering all details of new user account...
15:17:00.828 [main] INFO  testCases.TC001_AccountRegistrationTest - Accepting policy by clicking on check box...
15:17:00.895 [main] INFO  testCases.TC001_AccountRegistrationTest - Clicked on Continue to create new account for the user...
15:17:01.537 [main] INFO  testCases.TC001_AccountRegistrationTest - Validating success message after successful creating new account...
15:17:01.570 [main] INFO  testCases.TC001_AccountRegistrationTest - Your new account has been registered
15:17:05.527 [main] INFO  testCases.TC002_LoginTest - *** Starting TC002_LoginTest ****
15:17:05.882 [main] INFO  testCases.TC002_LoginTest - Clicked on login
15:17:05.883 [main] INFO  testCases.TC002_LoginTest - Entering login credentials from properties file....
15:17:06.085 [main] INFO  testCases.TC002_LoginTest - Clicking on Login button....
15:17:16.633 [main] INFO  testCases.TC002_LoginTest - Validating credentials provided.....
15:17:16.633 [main] INFO  testCases.TC002_LoginTest - Login Failed......
15:19:10.013 [main] INFO  testCases.TC001_AccountRegistrationTest - **** Starting TC001_AccountRegistrationTest ****
15:19:10.031 [main] INFO  testCases.TC001_AccountRegistrationTest - Clicked on My Account button...
15:19:10.136 [main] INFO  testCases.TC001_AccountRegistrationTest - Clicked on Register button...
15:19:10.525 [main] INFO  testCases.TC001_AccountRegistrationTest - Entering all details of new user account...
15:19:10.953 [main] INFO  testCases.TC001_AccountRegistrationTest - Accepting policy by clicking on check box...
15:19:11.013 [main] INFO  testCases.TC001_AccountRegistrationTest - Clicked on Continue to create new account for the user...
